This is pdfTeX, Version 3.1415926-2.4-1.40.13 (MiKTeX 2.9) (preloaded format=pdflatex 2013.10.17)  2 APR 2014 07:42
entering extended mode
**GWASsteps.tex
(C:\Users\Eric\Desktop\RA\GWASPaper\GWASsteps.tex
LaTeX2e <2011/06/27>
Babel <v3.8m> and hyphenation patterns for english, afrikaans, ancientgreek, ar
abic, armenian, assamese, basque, bengali, bokmal, bulgarian, catalan, coptic, 
croatian, czech, danish, dutch, esperanto, estonian, farsi, finnish, french, ga
lician, german, german-x-2012-05-30, greek, gujarati, hindi, hungarian, iceland
ic, indonesian, interlingua, irish, italian, kannada, kurmanji, latin, latvian,
 lithuanian, malayalam, marathi, mongolian, mongolianlmc, monogreek, ngerman, n
german-x-2012-05-30, nynorsk, oriya, panjabi, pinyin, polish, portuguese, roman
ian, russian, sanskrit, serbian, slovak, slovenian, spanish, swedish, swissgerm
an, tamil, telugu, turkish, turkmen, ukenglish, ukrainian, uppersorbian, usengl
ishmax, welsh, loaded.
("C:\Program Files (x86)\MiKTeX 2.9\tex\latex\base\article.cls"
Document Class: article 2007/10/19 v1.4h Standard LaTeX document class
("C:\Program Files (x86)\MiKTeX 2.9\tex\latex\base\size11.clo"
File: size11.clo 2007/10/19 v1.4h Standard LaTeX file (size option)
)
\c@part=\count79
\c@section=\count80
\c@subsection=\count81
\c@subsubsection=\count82
\c@paragraph=\count83
\c@subparagraph=\count84
\c@figure=\count85
\c@table=\count86
\abovecaptionskip=\skip41
\belowcaptionskip=\skip42
\bibindent=\dimen102
)
("C:\Program Files (x86)\MiKTeX 2.9\tex\latex\graphics\graphicx.sty"
Package: graphicx 1999/02/16 v1.0f Enhanced LaTeX Graphics (DPC,SPQR)

("C:\Program Files (x86)\MiKTeX 2.9\tex\latex\graphics\keyval.sty"
Package: keyval 1999/03/16 v1.13 key=value parser (DPC)
\KV@toks@=\toks14
)
("C:\Program Files (x86)\MiKTeX 2.9\tex\latex\graphics\graphics.sty"
Package: graphics 2009/02/05 v1.0o Standard LaTeX Graphics (DPC,SPQR)

("C:\Program Files (x86)\MiKTeX 2.9\tex\latex\graphics\trig.sty"
Package: trig 1999/03/16 v1.09 sin cos tan (DPC)
)
("C:\Program Files (x86)\MiKTeX 2.9\tex\latex\00miktex\graphics.cfg"
File: graphics.cfg 2007/01/18 v1.5 graphics configuration of teTeX/TeXLive
)
Package graphics Info: Driver file: pdftex.def on input line 91.

("C:\Program Files (x86)\MiKTeX 2.9\tex\latex\pdftex-def\pdftex.def"
File: pdftex.def 2011/05/27 v0.06d Graphics/color for pdfTeX

("C:\Program Files (x86)\MiKTeX 2.9\tex\generic\oberdiek\infwarerr.sty"
Package: infwarerr 2010/04/08 v1.3 Providing info/warning/error messages (HO)
)
("C:\Program Files (x86)\MiKTeX 2.9\tex\generic\oberdiek\ltxcmds.sty"
Package: ltxcmds 2011/11/09 v1.22 LaTeX kernel commands for general use (HO)
)
\Gread@gobject=\count87
))
\Gin@req@height=\dimen103
\Gin@req@width=\dimen104
)
("C:\Program Files (x86)\MiKTeX 2.9\tex\latex\graphics\color.sty"
Package: color 2005/11/14 v1.0j Standard LaTeX Color (DPC)

("C:\Program Files (x86)\MiKTeX 2.9\tex\latex\00miktex\color.cfg"
File: color.cfg 2007/01/18 v1.5 color configuration of teTeX/TeXLive
)
Package color Info: Driver file: pdftex.def on input line 130.
)
(C:\Users\Eric\Desktop\RA\GWASPaper\framed.sty
Package: framed 2011/10/22 v 0.96: framed or shaded text with page breaks
\OuterFrameSep=\skip43
\fb@frw=\dimen105
\fb@frh=\dimen106
\FrameRule=\dimen107
\FrameSep=\dimen108
)
("C:\Program Files (x86)\MiKTeX 2.9\tex\latex\base\alltt.sty"
Package: alltt 1997/06/16 v2.0g defines alltt environment
)
("C:\Program Files (x86)\MiKTeX 2.9\tex\latex\amsmath\amsmath.sty"
Package: amsmath 2013/01/14 v2.14 AMS math features
\@mathmargin=\skip44

For additional information on amsmath, use the `?' option.
("C:\Program Files (x86)\MiKTeX 2.9\tex\latex\amsmath\amstext.sty"
Package: amstext 2000/06/29 v2.01

("C:\Program Files (x86)\MiKTeX 2.9\tex\latex\amsmath\amsgen.sty"
File: amsgen.sty 1999/11/30 v2.0
\@emptytoks=\toks15
\ex@=\dimen109
))
("C:\Program Files (x86)\MiKTeX 2.9\tex\latex\amsmath\amsbsy.sty"
Package: amsbsy 1999/11/29 v1.2d
\pmbraise@=\dimen110
)
("C:\Program Files (x86)\MiKTeX 2.9\tex\latex\amsmath\amsopn.sty"
Package: amsopn 1999/12/14 v2.01 operator names
)
\inf@bad=\count88
LaTeX Info: Redefining \frac on input line 210.
\uproot@=\count89
\leftroot@=\count90
LaTeX Info: Redefining \overline on input line 306.
\classnum@=\count91
\DOTSCASE@=\count92
LaTeX Info: Redefining \ldots on input line 378.
LaTeX Info: Redefining \dots on input line 381.
LaTeX Info: Redefining \cdots on input line 466.
\Mathstrutbox@=\box26
\strutbox@=\box27
\big@size=\dimen111
LaTeX Font Info:    Redeclaring font encoding OML on input line 566.
LaTeX Font Info:    Redeclaring font encoding OMS on input line 567.
\macc@depth=\count93
\c@MaxMatrixCols=\count94
\dotsspace@=\muskip10
\c@parentequation=\count95
\dspbrk@lvl=\count96
\tag@help=\toks16
\row@=\count97
\column@=\count98
\maxfields@=\count99
\andhelp@=\toks17
\eqnshift@=\dimen112
\alignsep@=\dimen113
\tagshift@=\dimen114
\tagwidth@=\dimen115
\totwidth@=\dimen116
\lineht@=\dimen117
\@envbody=\toks18
\multlinegap=\skip45
\multlinetaggap=\skip46
\mathdisplay@stack=\toks19
LaTeX Info: Redefining \[ on input line 2665.
LaTeX Info: Redefining \] on input line 2666.
)
("C:\Program Files (x86)\MiKTeX 2.9\tex\latex\amsfonts\amssymb.sty"
Package: amssymb 2013/01/14 v3.01 AMS font symbols

("C:\Program Files (x86)\MiKTeX 2.9\tex\latex\amsfonts\amsfonts.sty"
Package: amsfonts 2013/01/14 v3.01 Basic AMSFonts support
\symAMSa=\mathgroup4
\symAMSb=\mathgroup5
LaTeX Font Info:    Overwriting math alphabet `\mathfrak' in version `bold'
(Font)                  U/euf/m/n --> U/euf/b/n on input line 106.
))
("C:\Program Files (x86)\MiKTeX 2.9\tex\latex\amscls\amsthm.sty"
Package: amsthm 2004/08/06 v2.20
\thm@style=\toks20
\thm@bodyfont=\toks21
\thm@headfont=\toks22
\thm@notefont=\toks23
\thm@headpunct=\toks24
\thm@preskip=\skip47
\thm@postskip=\skip48
\thm@headsep=\skip49
\dth@everypar=\toks25
)
("C:\Program Files (x86)\MiKTeX 2.9\tex\latex\tools\array.sty"
Package: array 2008/09/09 v2.4c Tabular extension package (FMi)
\col@sep=\dimen118
\extrarowheight=\dimen119
\NC@list=\toks26
\extratabsurround=\skip50
\backup@length=\skip51
)
("C:\Program Files (x86)\MiKTeX 2.9\tex\latex\fancyhdr\fancyhdr.sty"
\fancy@headwidth=\skip52
\f@ncyO@elh=\skip53
\f@ncyO@erh=\skip54
\f@ncyO@olh=\skip55
\f@ncyO@orh=\skip56
\f@ncyO@elf=\skip57
\f@ncyO@erf=\skip58
\f@ncyO@olf=\skip59
\f@ncyO@orf=\skip60
)
("C:\Program Files (x86)\MiKTeX 2.9\tex\latex\geometry\geometry.sty"
Package: geometry 2010/09/12 v5.6 Page Geometry

("C:\Program Files (x86)\MiKTeX 2.9\tex\generic\oberdiek\ifpdf.sty"
Package: ifpdf 2011/01/30 v2.3 Provides the ifpdf switch (HO)
Package ifpdf Info: pdfTeX in PDF mode is detected.
)
("C:\Program Files (x86)\MiKTeX 2.9\tex\generic\oberdiek\ifvtex.sty"
Package: ifvtex 2010/03/01 v1.5 Detect VTeX and its facilities (HO)
Package ifvtex Info: VTeX not detected.
)
("C:\Program Files (x86)\MiKTeX 2.9\tex\generic\ifxetex\ifxetex.sty"
Package: ifxetex 2010/09/12 v0.6 Provides ifxetex conditional
)
\Gm@cnth=\count100
\Gm@cntv=\count101
\c@Gm@tempcnt=\count102
\Gm@bindingoffset=\dimen120
\Gm@wd@mp=\dimen121
\Gm@odd@mp=\dimen122
\Gm@even@mp=\dimen123
\Gm@layoutwidth=\dimen124
\Gm@layoutheight=\dimen125
\Gm@layouthoffset=\dimen126
\Gm@layoutvoffset=\dimen127
\Gm@dimlist=\toks27

("C:\Program Files (x86)\MiKTeX 2.9\tex\latex\geometry\geometry.cfg"))
("C:\Program Files (x86)\MiKTeX 2.9\tex\latex\undertilde\undertilde.sty"
Package: undertilde 2000/08/08 v1.0 Tilde under a math object
\knuthian@fdfive=\skip61
)
("C:\Program Files (x86)\MiKTeX 2.9\tex\latex\upquote\upquote.sty"
Package: upquote 2012/04/19 v1.3 upright-quote and grave-accent glyphs in verba
tim
)
(C:\Users\Eric\Desktop\RA\GWASPaper\GWASsteps.aux)
LaTeX Font Info:    Checking defaults for OML/cmm/m/it on input line 78.
LaTeX Font Info:    ... okay on input line 78.
LaTeX Font Info:    Checking defaults for T1/cmr/m/n on input line 78.
LaTeX Font Info:    ... okay on input line 78.
LaTeX Font Info:    Checking defaults for OT1/cmr/m/n on input line 78.
LaTeX Font Info:    ... okay on input line 78.
LaTeX Font Info:    Checking defaults for OMS/cmsy/m/n on input line 78.
LaTeX Font Info:    ... okay on input line 78.
LaTeX Font Info:    Checking defaults for OMX/cmex/m/n on input line 78.
LaTeX Font Info:    ... okay on input line 78.
LaTeX Font Info:    Checking defaults for U/cmr/m/n on input line 78.
LaTeX Font Info:    ... okay on input line 78.

("C:\Program Files (x86)\MiKTeX 2.9\tex\context\base\supp-pdf.mkii"
[Loading MPS to PDF converter (version 2006.09.02).]
\scratchcounter=\count103
\scratchdimen=\dimen128
\scratchbox=\box28
\nofMPsegments=\count104
\nofMParguments=\count105
\everyMPshowfont=\toks28
\MPscratchCnt=\count106
\MPscratchDim=\dimen129
\MPnumerator=\count107
\makeMPintoPDFobject=\count108
\everyMPtoPDFconversion=\toks29
)
*geometry* driver: auto-detecting
*geometry* detected driver: pdftex
*geometry* verbose mode - [ preamble ] result:
* driver: pdftex
* paper: <default>
* layout: <same size as paper>
* layoutoffset:(h,v)=(0.0pt,0.0pt)
* modes: 
* h-part:(L,W,R)=(92.14519pt, 430.00462pt, 92.14519pt)
* v-part:(T,H,B)=(95.39737pt, 556.47656pt, 143.09605pt)
* \paperwidth=614.295pt
* \paperheight=794.96999pt
* \textwidth=430.00462pt
* \textheight=556.47656pt
* \oddsidemargin=19.8752pt
* \evensidemargin=19.8752pt
* \topmargin=-13.87262pt
* \headheight=12.0pt
* \headsep=25.0pt
* \topskip=11.0pt
* \footskip=30.0pt
* \marginparwidth=59.0pt
* \marginparsep=10.0pt
* \columnsep=10.0pt
* \skip\footins=10.0pt plus 4.0pt minus 2.0pt
* \hoffset=0.0pt
* \voffset=0.0pt
* \mag=1000
* \@twocolumnfalse
* \@twosidefalse
* \@mparswitchfalse
* \@reversemarginfalse
* (1in=72.27pt=25.4mm, 1cm=28.453pt)

LaTeX Font Info:    Try loading font information for U+msa on input line 84.
("C:\Program Files (x86)\MiKTeX 2.9\tex\latex\amsfonts\umsa.fd"
File: umsa.fd 2013/01/14 v3.01 AMS symbols A
)
LaTeX Font Info:    Try loading font information for U+msb on input line 84.

("C:\Program Files (x86)\MiKTeX 2.9\tex\latex\amsfonts\umsb.fd"
File: umsb.fd 2013/01/14 v3.01 AMS symbols B
)
Package color Info: Redefining color shadecolor on input line 87.
LaTeX Font Info:    Font shape `OT1/cmtt/bx/n' in size <10.95> not available
(Font)              Font shape `OT1/cmtt/m/n' tried instead on input line 89.
Package color Info: Redefining color shadecolor on input line 101.

Overfull \hbox (12.64433pt too wide) in paragraph at lines 104--104
[][]\OT1/cmtt/m/n/10.95 colnames[][](genoFam)[] []=[] []c[][]([][]"FamID"[][],[
] []"IndID"[][],[] []"PatID"[][],[] []"MatID"[][],[] []"sex"[][],[] []"phenotyp
e"[][])[][] 
 []

Package color Info: Redefining color shadecolor on input line 112.

Package Fancyhdr Warning: \headheight is too small (12.0pt): 
 Make it at least 25.2842pt.
 We now make it that large for the rest of the document.
 This may cause the page layout to be inconsistent, however.

[1{C:/ProgramData/MiKTeX/2.9/pdftex/config/pdftex.map}

]
Package color Info: Redefining color shadecolor on input line 126.

Overfull \hbox (1.14696pt too wide) in paragraph at lines 128--128
[][]\OT1/cmtt/m/n/10.95 geno[] []<-[] []read.plink[][]([][]"genodata.bed"[][],[
] []"genodata.bim"[][],[] []"genodata.fam"[][])[][]$[][]genotype[][] 
 []

Package color Info: Redefining color shadecolor on input line 138.
Package color Info: Redefining color shadecolor on input line 148.
Package color Info: Redefining color shadecolor on input line 157.
[2] [3]
Package color Info: Redefining color shadecolor on input line 184.

Overfull \hbox (64.38252pt too wide) in paragraph at lines 191--191
[][]\OT1/cmtt/m/n/10.95 use[] []<-[] []([][]![][]is.na[][](snpsum.col[][]$[][]M
AF)[] []&[] []snpsum.col[][]$[][]MAF[] []>[] []minor)[] []&[] []([][]![][]is.na
[][](snpsum.col[][]$[][]z.HWE)[] []&[][] 
 []


Overfull \hbox (1.14696pt too wide) in paragraph at lines 192--192
[]    []\OT1/cmtt/m/n/10.95 snpsum.col[][]$[][]z.HWE[][]^[][]2[] []<[] []qnorm[
][]((hardy[][]/[][]2[][])[][]/[][]comp)[][]^[][]2[][])[] []&[] []snpsum.col[][]
$[][]Call.rate[] []>=[][] 
 []

Package color Info: Redefining color shadecolor on input line 206.
LaTeX Font Info:    Try loading font information for OMS+cmr on input line 216.

("C:\Program Files (x86)\MiKTeX 2.9\tex\latex\base\omscmr.fd"
File: omscmr.fd 1999/05/25 v2.5h Standard LaTeX font definitions
)
LaTeX Font Info:    Font shape `OMS/cmr/m/n' in size <10.95> not available
(Font)              Font shape `OMS/cmsy/m/n' tried instead on input line 216.
Package color Info: Redefining color shadecolor on input line 223.
 [4]
Package color Info: Redefining color shadecolor on input line 235.
Package color Info: Redefining color shadecolor on input line 245.
Package color Info: Redefining color shadecolor on input line 253.
Package color Info: Redefining color shadecolor on input line 271.

Overfull \hbox (18.39302pt too wide) in paragraph at lines 274--274
[][]\OT1/cmtt/m/n/10.95 phenoSub[] []<-[] []merge[][](phenoSub, pcs,[] []by.x[]
 []=[] []"FamID"[][],[] []by.y[] []=[] []"FamID"[][],[] []all.x[] []=[] []TRUE[
][])[][] 
 []


Underfull \hbox (badness 10000) in paragraph at lines 285--286

 []

[5]

LaTeX Warning: Citation `foulkes09' on page 6 undefined on input line 309.


Underfull \hbox (badness 10000) in paragraph at lines 317--318

 []

[6]
Package color Info: Redefining color shadecolor on input line 325.
LaTeX Font Info:    Try loading font information for OMS+cmtt on input line 327
.
 (C:/PROGRA~1/R/R-30~1.2/share/texmf/tex/latex\omscmtt.fd
File: omscmtt.fd 
)
LaTeX Font Info:    Font shape `OMS/cmtt/m/n' in size <10.95> not available
(Font)              Font shape `OMS/cmsy/m/n' tried instead on input line 327.

Overfull \hbox (29.8904pt too wide) in paragraph at lines 329--329
[]    []\OT1/cmtt/m/n/10.95 tempSNP[] []<-[] []data.frame[][]([][]FamID[] []=[]
 []row.names[][](genoNum),[] []snp[] []= genoNum[, rsNumber])[][] 
 []


Overfull \hbox (35.63908pt too wide) in paragraph at lines 330--330
[]    []\OT1/cmtt/m/n/10.95 dat[] []<-[] []merge[][](phenoSub, tempSNP,[] []by.
x[] []=[] []"FamID"[][],[] []by.y[] []=[] []"FamID"[][],[] []all.x[] []=[] []TR
UE[][])[][] 
 []


Overfull \hbox (6.89565pt too wide) in paragraph at lines 331--331
[]    []\OT1/cmtt/m/n/10.95 a[] []<-[] []summary[][]([][]glm[][](fldl_wk0[] []~
[] []age[] []+[] []sex[] []+[] []raceth[] []+[] []pc1[] []+[] []pc2[] []+[] []p
c3[] []+[] []pc4[] []+[][] 
 []


Overfull \hbox (35.63908pt too wide) in paragraph at lines 332--332
[]        []\OT1/cmtt/m/n/10.95 pc5[] []+[] []pc6[] []+[] []pc7[] []+[] []pc8[]
 []+[] []pc9[] []+[] []pc10[] []+[] []snp,[] []family[] []= gaussian,[] []data[
] []= dat))[][] 
 []

Package color Info: Redefining color shadecolor on input line 347.
Package color Info: Redefining color shadecolor on input line 358.
Package color Info: Redefining color shadecolor on input line 375.
[7]
Package color Info: Redefining color shadecolor on input line 389.
Package color Info: Redefining color shadecolor on input line 407.

Underfull \hbox (badness 10000) in paragraph at lines 422--423

 []

Package color Info: Redefining color shadecolor on input line 425.
[8]
Overfull \hbox (1.14696pt too wide) in paragraph at lines 444--444
[]    []\OT1/cmtt/m/n/10.95 pos[(TotalPrev[] []+[] []1[][])[][]:[][](TotalPrev[
] []+[] []nsnp[chr])][] []<-[] []start[] []+[] []position[chr[] []==[][] 
 []

Package color Info: Redefining color shadecolor on input line 464.

Overfull \hbox (35.63908pt too wide) in paragraph at lines 466--466
[][]\OT1/cmtt/m/n/10.95 bitmap[][]([][]file[] []=[] []"manhattan.jpeg"[][],[] [
]type[] []=[] []"jpeg"[][],[] []width[] []=[] []10[][],[] []height[] []=[] []6[
][],[] []res[] []=[] []432[][],[][] 
 []


Overfull \hbox (35.63908pt too wide) in paragraph at lines 469--469
[][]\OT1/cmtt/m/n/10.95 plot[][](pos,[] []-[][]log10[][](pval),[] []pch[] []=[]
 []20[][],[] []col[] []= col,[] []xlab[] []=[] []""[][],[] []ylab[] []=[] []"-l
og10(p-value)"[][],[][] 
 []

[9]
Underfull \hbox (badness 10000) in paragraph at lines 490--491

 []

Package color Info: Redefining color shadecolor on input line 493.

Overfull \hbox (104.62334pt too wide) in paragraph at lines 498--498
[][]\OT1/cmtt/m/n/10.95 keep1[] []<-[] []c[][]([][]"exonic"[][],[] []"intronic"
[][],[] []"splicing"[][],[] []"UTR3"[][],[] []"UTR5"[][],[] []"downstream"[][],
[] []"exonic;splicing"[][],[][] 
 []

Package color Info: Redefining color shadecolor on input line 510.
Package color Info: Redefining color shadecolor on input line 526.
[10] [11] (C:\Users\Eric\Desktop\RA\GWASPaper\GWASsteps.aux)

LaTeX Warning: There were undefined references.

 ) 
Here is how much of TeX's memory you used:
 2942 strings out of 493921
 38278 string characters out of 3144878
 106640 words of memory out of 3000000
 6187 multiletter control sequences out of 15000+200000
 11064 words of font info for 42 fonts, out of 3000000 for 9000
 841 hyphenation exceptions out of 8191
 27i,11n,43p,1007b,277s stack positions out of 5000i,500n,10000p,200000b,50000s
<C:/Program Files (x86)/MiKTeX 2.9/fonts/type1/public/amsfonts/cm/cmbx10.pfb>
<C:/Program Files (x86)/MiKTeX 2.9/fonts/type1/public/amsfonts/cm/cmbx12.pfb><C
:/Program Files (x86)/MiKTeX 2.9/fonts/type1/public/amsfonts/cm/cmbx8.pfb><C:/P
rogram Files (x86)/MiKTeX 2.9/fonts/type1/public/amsfonts/cm/cmcsc10.pfb><C:/Pr
ogram Files (x86)/MiKTeX 2.9/fonts/type1/public/amsfonts/cm/cmex10.pfb><C:/Prog
ram Files (x86)/MiKTeX 2.9/fonts/type1/public/amsfonts/cm/cmitt10.pfb><C:/Progr
am Files (x86)/MiKTeX 2.9/fonts/type1/public/amsfonts/cm/cmmi10.pfb><C:/Program
 Files (x86)/MiKTeX 2.9/fonts/type1/public/amsfonts/cm/cmmi8.pfb><C:/Program Fi
les (x86)/MiKTeX 2.9/fonts/type1/public/amsfonts/cm/cmr10.pfb><C:/Program Files
 (x86)/MiKTeX 2.9/fonts/type1/public/amsfonts/cm/cmr8.pfb><C:/Program Files (x8
6)/MiKTeX 2.9/fonts/type1/public/amsfonts/cm/cmsy10.pfb><C:/Program Files (x86)
/MiKTeX 2.9/fonts/type1/public/amsfonts/cm/cmsy8.pfb><C:/Program Files (x86)/Mi
KTeX 2.9/fonts/type1/public/amsfonts/cm/cmtt10.pfb>
Output written on GWASsteps.pdf (11 pages, 193617 bytes).
PDF statistics:
 90 PDF objects out of 1000 (max. 8388607)
 0 named destinations out of 1000 (max. 500000)
 1 words of extra memory for PDF output out of 10000 (max. 10000000)

