This is pdfTeX, Version 3.1415926-2.4-1.40.13 (MiKTeX 2.9) (preloaded format=pdflatex 2013.10.17)  17 MAR 2014 10:01
entering extended mode
**C:/Users/Eric/Desktop/RA/GWASPaper/Gwaslatex/Gwaslatex.tex
(C:/Users/Eric/Desktop/RA/GWASPaper/Gwaslatex/Gwaslatex.tex
LaTeX2e <2011/06/27>
Babel <v3.8m> and hyphenation patterns for english, afrikaans, ancientgreek, ar
abic, armenian, assamese, basque, bengali, bokmal, bulgarian, catalan, coptic, 
croatian, czech, danish, dutch, esperanto, estonian, farsi, finnish, french, ga
lician, german, german-x-2012-05-30, greek, gujarati, hindi, hungarian, iceland
ic, indonesian, interlingua, irish, italian, kannada, kurmanji, latin, latvian,
 lithuanian, malayalam, marathi, mongolian, mongolianlmc, monogreek, ngerman, n
german-x-2012-05-30, nynorsk, oriya, panjabi, pinyin, polish, portuguese, roman
ian, russian, sanskrit, serbian, slovak, slovenian, spanish, swedish, swissgerm
an, tamil, telugu, turkish, turkmen, ukenglish, ukrainian, uppersorbian, usengl
ishmax, welsh, loaded.
(C:\Users\Eric\Desktop\RA\GWASPaper\Gwaslatex\ar2e.cls
Document Class: ar2e 1997/08/13 v1.0 Standard LaTeX document class
\keywordsbox=\box26
\abstractbox=\box27
\c@part=\count79
\c@section=\count80
\c@subsection=\count81
\c@subsubsection=\count82
\c@paragraph=\count83
\c@subparagraph=\count84
\c@figure=\count85
\c@table=\count86
\abovecaptionskip=\skip41
\belowcaptionskip=\skip42
\bibindent=\dimen102
\nomenspace=\dimen103
\tempdima=\dimen104
\tempbox=\box28
\tempbox=\box29
) (C:\Users\Eric\Desktop\RA\GWASPaper\Gwaslatex\Gwaslatex.aux

LaTeX Warning: Label `....' multiply defined.


LaTeX Warning: Label `...' multiply defined.


LaTeX Warning: Label `...' multiply defined.

)
LaTeX Font Info:    Checking defaults for OML/cmm/m/it on input line 2.
LaTeX Font Info:    ... okay on input line 2.
LaTeX Font Info:    Checking defaults for T1/cmr/m/n on input line 2.
LaTeX Font Info:    ... okay on input line 2.
LaTeX Font Info:    Checking defaults for OT1/cmr/m/n on input line 2.
LaTeX Font Info:    ... okay on input line 2.
LaTeX Font Info:    Checking defaults for OMS/cmsy/m/n on input line 2.
LaTeX Font Info:    ... okay on input line 2.
LaTeX Font Info:    Checking defaults for OMX/cmex/m/n on input line 2.
LaTeX Font Info:    ... okay on input line 2.
LaTeX Font Info:    Checking defaults for U/cmr/m/n on input line 2.
LaTeX Font Info:    ... okay on input line 2.
 ("C:\Program Files (x86)\MiKTeX 2.9\tex\generic\epsf\epsf.tex"
This is `epsf.tex' v2.7.4 <14 February 2011>
\epsffilein=\read1
\epsfframemargin=\dimen105
\epsfframethickness=\dimen106
\epsfrsize=\dimen107
\epsftmp=\dimen108
\epsftsize=\dimen109
\epsfxsize=\dimen110
\epsfysize=\dimen111
\pspoints=\dimen112
) (C:\Users\Eric\Desktop\RA\GWASPaper\Gwaslatex\epsf.def
\epsffilein=\read2
\epsfxsize=\dimen113
\epsfysize=\dimen114
\epsftsize=\dimen115
\epsfrsize=\dimen116
\epsftmp=\dimen117
\pspoints=\dimen118
\epsfscale=\count87
\epsftmpp=\dimen119
\epsftmppp=\dimen120
\epsfM=\dimen121
\sppoints=\dimen122
)
(C:\Users\Eric\Desktop\RA\GWASPaper\Gwaslatex\psfig.sty
\@unused=\write3
\ps@stream=\read3
\p@intvaluex=\dimen123
\p@intvaluey=\dimen124

psfig/tex 1.10-dvips
)
LaTeX Font Info:    External font `cmex10' loaded for size
(Font)              <12> on input line 32.
LaTeX Font Info:    External font `cmex10' loaded for size
(Font)              <8> on input line 32.
LaTeX Font Info:    External font `cmex10' loaded for size
(Font)              <6> on input line 32.

Underfull \hbox (badness 1389) in paragraph at lines 32--32
[]\OT1/cmr/m/sc/12 Andrea Foulkes, Gre-gory Matthews, Sara Nunez, Emily
 []

(C:\Users\Eric\Desktop\RA\GWASPaper\Gwaslatex\Gwaslatex.toc
LaTeX Font Info:    External font `cmex10' loaded for size
(Font)              <7> on input line 1.
LaTeX Font Info:    External font `cmex10' loaded for size
(Font)              <5> on input line 1.
LaTeX Font Info:    External font `cmex10' loaded for size
(Font)              <9> on input line 3.
)
\tf@toc=\write4
 [1{C:/ProgramData/MiKTeX/2.9/pdftex/config/pdftex.map}

]
LaTeX Font Info:    External font `cmex10' loaded for size
(Font)              <10.95> on input line 38.

Overfull \hbox (265.60172pt too wide) in paragraph at lines 51--51
[]     \OT1/cmtt/m/n/10.95 genoFam<-read.table("genodata.fam");colnames(genoFam
) = c("FamID","IndID","PatID","MatID","sex","phenotype")[] 
 []

[2]
Overfull \hbox (12.65945pt too wide) in paragraph at lines 58--58
[]       \OT1/cmtt/m/n/10.95 colnames(genoBim) = c("chr","SNP","GenDist","BPPos
","g1","g2")[] 
 []


Overfull \hbox (52.90027pt too wide) in paragraph at lines 65--65
[]     \OT1/cmtt/m/n/10.95 geno<-read.plink("genodata.bed","genodata.bim","geno
data.fam")$genotype[] 
 []

[3] [4] [5] [6] [7]
Overfull \hbox (24.15683pt too wide) in paragraph at lines 180--180
[]     \OT1/cmtt/m/n/10.95 phenoSub<-merge(phenoSub,pcs,by.x="FamID",by.y="FamI
D",all.x=TRUE)[] 
 []


Underfull \hbox (badness 10000) in paragraph at lines 185--186

 []


Underfull \hbox (badness 10000) in paragraph at lines 187--188

 []


Underfull \hbox (badness 10000) in paragraph at lines 189--190

 []

[8]
Underfull \hbox (badness 10000) in paragraph at lines 191--192

 []

[9]
Overfull \hbox (52.90027pt too wide) in paragraph at lines 227--227
[]      \OT1/cmtt/m/n/10.95 tempSNP <- data.frame(FamID=row.names(genoNum),snp=
genoNum[,rsNumber])[] 
 []


Overfull \hbox (35.6542pt too wide) in paragraph at lines 227--227
[]      \OT1/cmtt/m/n/10.95 dat <- merge(phenoSub,tempSNP,by.x="FamID",by.y="Fa
mID",all.x=TRUE)[] 
 []


Overfull \hbox (363.3294pt too wide) in paragraph at lines 227--227
[]      \OT1/cmtt/m/n/10.95 a <- summary(lm(fldl_wk0 ~ age + sex + raceth + pc1
 + pc2 + pc3 + pc4 + pc5 + pc6 + pc7 + pc8 + pc9 + pc10 + snp, data=dat))[] 
 []

[10] [11]
Overfull \hbox (231.10959pt too wide) in paragraph at lines 278--278
[]    \OT1/cmtt/m/n/10.95 %wk0bypval<-wk0bypval[,-c(1,3,12)] #This is to remove
 numbered columns added by saving as a ".csv" file[] 
 []

[12]
Underfull \vbox (badness 10000) detected at line 299
 []


LaTeX Warning: \oval, \circle, or \line size unavailable on input line 311.

psfig: searching fig1.ps for bounding box
psfig: including fig1.ps 
[13] [14] [15
Non-PDF special ignored!
Non-PDF special ignored!
Non-PDF special ignored!
Non-PDF special ignored!] [16]
(C:\Users\Eric\Desktop\RA\GWASPaper\Gwaslatex\Gwaslatex.aux)

LaTeX Warning: There were multiply-defined labels.

 ) 
Here is how much of TeX's memory you used:
 638 strings out of 493921
 7014 string characters out of 3144878
 53031 words of memory out of 3000000
 3985 multiletter control sequences out of 15000+200000
 11547 words of font info for 40 fonts, out of 3000000 for 9000
 841 hyphenation exceptions out of 8191
 23i,8n,17p,1052b,294s stack positions out of 5000i,500n,10000p,200000b,50000s
<C:/Program Files (x86)/MiKTeX 2.9/fonts/type1/public/amsfonts/cm/cmbx10.pfb>
<C:/Program Files (x86)/MiKTeX 2.9/fonts/type1/public/amsfonts/cm/cmbx12.pfb><C
:/Program Files (x86)/MiKTeX 2.9/fonts/type1/public/amsfonts/cm/cmbx9.pfb><C:/P
rogram Files (x86)/MiKTeX 2.9/fonts/type1/public/amsfonts/cm/cmcsc10.pfb><C:/Pr
ogram Files (x86)/MiKTeX 2.9/fonts/type1/public/amsfonts/cm/cmmi10.pfb><C:/Prog
ram Files (x86)/MiKTeX 2.9/fonts/type1/public/amsfonts/cm/cmmi8.pfb><C:/Program
 Files (x86)/MiKTeX 2.9/fonts/type1/public/amsfonts/cm/cmmi9.pfb><C:/Program Fi
les (x86)/MiKTeX 2.9/fonts/type1/public/amsfonts/cm/cmr10.pfb><C:/Program Files
 (x86)/MiKTeX 2.9/fonts/type1/public/amsfonts/cm/cmr8.pfb><C:/Program Files (x8
6)/MiKTeX 2.9/fonts/type1/public/amsfonts/cm/cmr9.pfb><C:/Program Files (x86)/M
iKTeX 2.9/fonts/type1/public/amsfonts/cm/cmsl10.pfb><C:/Program Files (x86)/MiK
TeX 2.9/fonts/type1/public/amsfonts/cm/cmsy10.pfb><C:/Program Files (x86)/MiKTe
X 2.9/fonts/type1/public/amsfonts/cm/cmti10.pfb><C:/Program Files (x86)/MiKTeX 
2.9/fonts/type1/public/amsfonts/cm/cmti9.pfb><C:/Program Files (x86)/MiKTeX 2.9
/fonts/type1/public/amsfonts/cm/cmtt10.pfb><C:/Program Files (x86)/MiKTeX 2.9/f
onts/type1/public/amsfonts/latxfont/lcircle1.pfb><C:/Program Files (x86)/MiKTeX
 2.9/fonts/type1/public/amsfonts/latxfont/line10.pfb>
Output written on Gwaslatex.pdf (16 pages, 225836 bytes).
PDF statistics:
 122 PDF objects out of 1000 (max. 8388607)
 0 named destinations out of 1000 (max. 500000)
 1 words of extra memory for PDF output out of 10000 (max. 10000000)

